Product projects
---------------------------------------
C:\Users\kevin\Downloads\programacion\Proyecto web\Proyecto-UTrade\UTrade Backend\DTO\DTO.csproj
C:\Users\kevin\Downloads\programacion\Proyecto web\Proyecto-UTrade\UTrade Backend\Model\Model.csproj
C:\Users\kevin\Downloads\programacion\Proyecto web\Proyecto-UTrade\UTrade Backend\DAL\DAL.csproj
C:\Users\kevin\Downloads\programacion\Proyecto web\Proyecto-UTrade\UTrade Backend\Utility\Utility.csproj
C:\Users\kevin\Downloads\programacion\Proyecto web\Proyecto-UTrade\UTrade Backend\BLL\BLL.csproj
C:\Users\kevin\Downloads\programacion\Proyecto web\Proyecto-UTrade\UTrade Backend\IOC\IOC.csproj
C:\Users\kevin\Downloads\programacion\Proyecto web\Proyecto-UTrade\UTrade Backend\API\API.csproj


Test projects
---------------------------------------
C:\Users\kevin\Downloads\programacion\Proyecto web\Proyecto-UTrade\UTrade Backend\AuthTest\AuthTest.csproj


Invalid projects
---------------------------------------
{none}


Skipped projects
---------------------------------------
{none}


Excluded projects
---------------------------------------
{none}


